# JRE version: Java(TM) SE Runtime Environment (8.0_161-b12) (build 1.8.0_161-b12)
# Java VM: Java HotSpot(TM) 64-Bit Server VM (25.161-b12 mixed mode windows-amd64 compressed oops)
Heap:
 PSYoungGen      total 163840K, used 11452K [0x00000000eb700000, 0x00000000f8b00000, 0x0000000100000000)
  eden space 147968K, 0% used [0x00000000eb700000,0x00000000eb700000,0x00000000f4780000)
  from space 15872K, 72% used [0x00000000f4780000,0x00000000f52af3b0,0x00000000f5700000)
  to   space 16384K, 0% used [0x00000000f7b00000,0x00000000f7b00000,0x00000000f8b00000)
 ParOldGen       total 58880K, used 18428K [0x00000000c2400000, 0x00000000c5d80000, 0x00000000eb700000)
  object space 58880K, 31% used [0x00000000c2400000,0x00000000c35ff0a8,0x00000000c5d80000)
 Metaspace       used 56756K, capacity 59118K, committed 59160K, reserved 1099776K
  class space    used 7918K, capacity 8354K, committed 8360K, reserved 1048576K
GC Heap History (10 events):
Event: 15.481 GC heap after
Heap after GC invocations=11 (full 1):
 PSYoungGen      total 132096K, used 9598K [0x00000000eb700000, 0x00000000f4600000, 0x0000000100000000)
  eden space 120320K, 0% used [0x00000000eb700000,0x00000000eb700000,0x00000000f2c80000)
  from space 11776K, 81% used [0x00000000f3900000,0x00000000f425fa40,0x00000000f4480000)
  to   space 12800K, 0% used [0x00000000f2c80000,0x00000000f2c80000,0x00000000f3900000)
 ParOldGen       total 37888K, used 19574K [0x00000000c2400000, 0x00000000c4900000, 0x00000000eb700000)
  object space 37888K, 51% used [0x00000000c2400000,0x00000000c371db80,0x00000000c4900000)
 Metaspace       used 33917K, capacity 35472K, committed 35496K, reserved 1079296K
  class space    used 4446K, capacity 4753K, committed 4776K, reserved 1048576K
}
Event: 15.481 GC heap before
{Heap before GC invocations=12 (full 2):
 PSYoungGen      total 132096K, used 9598K [0x00000000eb700000, 0x00000000f4600000, 0x0000000100000000)
  eden space 120320K, 0% used [0x00000000eb700000,0x00000000eb700000,0x00000000f2c80000)
  from space 11776K, 81% used [0x00000000f3900000,0x00000000f425fa40,0x00000000f4480000)
  to   space 12800K, 0% used [0x00000000f2c80000,0x00000000f2c80000,0x00000000f3900000)
 ParOldGen       total 37888K, used 19574K [0x00000000c2400000, 0x00000000c4900000, 0x00000000eb700000)
  object space 37888K, 51% used [0x00000000c2400000,0x00000000c371db80,0x00000000c4900000)
 Metaspace       used 33917K, capacity 35472K, committed 35496K, reserved 1079296K
  class space    used 4446K, capacity 4753K, committed 4776K, reserved 1048576K
Event: 15.784 GC heap after
Heap after GC invocations=12 (full 2):
 PSYoungGen      total 132096K, used 0K [0x00000000eb700000, 0x00000000f4600000, 0x0000000100000000)
  eden space 120320K, 0% used [0x00000000eb700000,0x00000000eb700000,0x00000000f2c80000)
  from space 11776K, 0% used [0x00000000f3900000,0x00000000f3900000,0x00000000f4480000)
  to   space 12800K, 0% used [0x00000000f2c80000,0x00000000f2c80000,0x00000000f3900000)
 ParOldGen       total 58880K, used 18412K [0x00000000c2400000, 0x00000000c5d80000, 0x00000000eb700000)
  object space 58880K, 31% used [0x00000000c2400000,0x00000000c35fb0a8,0x00000000c5d80000)
 Metaspace       used 33917K, capacity 35472K, committed 35496K, reserved 1079296K
  class space    used 4446K, capacity 4753K, committed 4776K, reserved 1048576K
}
Event: 19.735 GC heap before
{Heap before GC invocations=13 (full 2):
 PSYoungGen      total 132096K, used 120320K [0x00000000eb700000, 0x00000000f4600000, 0x0000000100000000)
  eden space 120320K, 100% used [0x00000000eb700000,0x00000000f2c80000,0x00000000f2c80000)
  from space 11776K, 0% used [0x00000000f3900000,0x00000000f3900000,0x00000000f4480000)
  to   space 12800K, 0% used [0x00000000f2c80000,0x00000000f2c80000,0x00000000f3900000)
 ParOldGen       total 58880K, used 18412K [0x00000000c2400000, 0x00000000c5d80000, 0x00000000eb700000)
  object space 58880K, 31% used [0x00000000c2400000,0x00000000c35fb0a8,0x00000000c5d80000)
 Metaspace       used 44660K, capacity 46312K, committed 46632K, reserved 1089536K
  class space    used 6050K, capacity 6379K, committed 6440K, reserved 1048576K
Event: 19.764 GC heap after
Heap after GC invocations=13 (full 2):
 PSYoungGen      total 133120K, used 11583K [0x00000000eb700000, 0x00000000f6580000, 0x0000000100000000)
  eden space 120320K, 0% used [0x00000000eb700000,0x00000000eb700000,0x00000000f2c80000)
  from space 12800K, 90% used [0x00000000f2c80000,0x00000000f37cfe60,0x00000000f3900000)
  to   space 13824K, 0% used [0x00000000f5800000,0x00000000f5800000,0x00000000f6580000)
 ParOldGen       total 58880K, used 18420K [0x00000000c2400000, 0x00000000c5d80000, 0x00000000eb700000)
  object space 58880K, 31% used [0x00000000c2400000,0x00000000c35fd0a8,0x00000000c5d80000)
 Metaspace       used 44660K, capacity 46312K, committed 46632K, reserved 1089536K
  class space    used 6050K, capacity 6379K, committed 6440K, reserved 1048576K
}
Event: 23.956 GC heap before
{Heap before GC invocations=14 (full 2):
 PSYoungGen      total 133120K, used 131903K [0x00000000eb700000, 0x00000000f6580000, 0x0000000100000000)
  eden space 120320K, 100% used [0x00000000eb700000,0x00000000f2c80000,0x00000000f2c80000)
  from space 12800K, 90% used [0x00000000f2c80000,0x00000000f37cfe60,0x00000000f3900000)
  to   space 13824K, 0% used [0x00000000f5800000,0x00000000f5800000,0x00000000f6580000)
 ParOldGen       total 58880K, used 18420K [0x00000000c2400000, 0x00000000c5d80000, 0x00000000eb700000)
  object space 58880K, 31% used [0x00000000c2400000,0x00000000c35fd0a8,0x00000000c5d80000)
 Metaspace       used 53500K, capacity 55784K, committed 56104K, reserved 1097728K
  class space    used 7435K, capacity 7865K, committed 7976K, reserved 1048576K
Event: 23.992 GC heap after
Heap after GC invocations=14 (full 2):
 PSYoungGen      total 161792K, used 13373K [0x00000000eb700000, 0x00000000f6680000, 0x0000000100000000)
  eden space 147968K, 0% used [0x00000000eb700000,0x00000000eb700000,0x00000000f4780000)
  from space 13824K, 96% used [0x00000000f5800000,0x00000000f650f6e0,0x00000000f6580000)
  to   space 15872K, 0% used [0x00000000f4780000,0x00000000f4780000,0x00000000f5700000)
 ParOldGen       total 58880K, used 18428K [0x00000000c2400000, 0x00000000c5d80000, 0x00000000eb700000)
  object space 58880K, 31% used [0x00000000c2400000,0x00000000c35ff0a8,0x00000000c5d80000)
 Metaspace       used 53500K, capacity 55784K, committed 56104K, reserved 1097728K
  class space    used 7435K, capacity 7865K, committed 7976K, reserved 1048576K
}
Event: 25.817 GC heap before
{Heap before GC invocations=15 (full 2):
 PSYoungGen      total 161792K, used 69804K [0x00000000eb700000, 0x00000000f6680000, 0x0000000100000000)
  eden space 147968K, 38% used [0x00000000eb700000,0x00000000eee1bcf8,0x00000000f4780000)
  from space 13824K, 96% used [0x00000000f5800000,0x00000000f650f6e0,0x00000000f6580000)
  to   space 15872K, 0% used [0x00000000f4780000,0x00000000f4780000,0x00000000f5700000)
 ParOldGen       total 58880K, used 18428K [0x00000000c2400000, 0x00000000c5d80000, 0x00000000eb700000)
  object space 58880K, 31% used [0x00000000c2400000,0x00000000c35ff0a8,0x00000000c5d80000)
 Metaspace       used 56756K, capacity 59118K, committed 59160K, reserved 1099776K
  class space    used 7918K, capacity 8354K, committed 8360K, reserved 1048576K
Event: 25.867 GC heap after
Heap after GC invocations=15 (full 2):
 PSYoungGen      total 163840K, used 11452K [0x00000000eb700000, 0x00000000f8b00000, 0x0000000100000000)
  eden space 147968K, 0% used [0x00000000eb700000,0x00000000eb700000,0x00000000f4780000)
  from space 15872K, 72% used [0x00000000f4780000,0x00000000f52af3b0,0x00000000f5700000)
  to   space 16384K, 0% used [0x00000000f7b00000,0x00000000f7b00000,0x00000000f8b00000)
 ParOldGen       total 58880K, used 18428K [0x00000000c2400000, 0x00000000c5d80000, 0x00000000eb700000)
  object space 58880K, 31% used [0x00000000c2400000,0x00000000c35ff0a8,0x00000000c5d80000)
 Metaspace       used 56756K, capacity 59118K, committed 59160K, reserved 1099776K
  class space    used 7918K, capacity 8354K, committed 8360K, reserved 1048576K
}
Event: 25.867 GC heap before
{Heap before GC invocations=16 (full 3):
 PSYoungGen      total 163840K, used 11452K [0x00000000eb700000, 0x00000000f8b00000, 0x0000000100000000)
  eden space 147968K, 0% used [0x00000000eb700000,0x00000000eb700000,0x00000000f4780000)
  from space 15872K, 72% used [0x00000000f4780000,0x00000000f52af3b0,0x00000000f5700000)
  to   space 16384K, 0% used [0x00000000f7b00000,0x00000000f7b00000,0x00000000f8b00000)
 ParOldGen       total 58880K, used 18428K [0x00000000c2400000, 0x00000000c5d80000, 0x00000000eb700000)
  object space 58880K, 31% used [0x00000000c2400000,0x00000000c35ff0a8,0x00000000c5d80000)
 Metaspace       used 56756K, capacity 59118K, committed 59160K, reserved 1099776K
  class space    used 7918K, capacity 8354K, committed 8360K, reserved 1048576K

