# JRE version: Java(TM) SE Runtime Environment (8.0_161-b12) (build 1.8.0_161-b12)
# Java VM: Java HotSpot(TM) 64-Bit Server VM (25.161-b12 mixed mode windows-amd64 compressed oops)
Heap:
 PSYoungGen      total 195072K, used 119922K [0x00000000eb700000, 0x00000000fc780000, 0x0000000100000000)
  eden space 176128K, 68% used [0x00000000eb700000,0x00000000f2c1c858,0x00000000f6300000)
  from space 18944K, 0% used [0x00000000f6300000,0x00000000f6300000,0x00000000f7580000)
  to   space 17920K, 0% used [0x00000000fb600000,0x00000000fb600000,0x00000000fc780000)
 ParOldGen       total 76288K, used 24913K [0x00000000c2400000, 0x00000000c6e80000, 0x00000000eb700000)
  object space 76288K, 32% used [0x00000000c2400000,0x00000000c3c54500,0x00000000c6e80000)
 Metaspace       used 68972K, capacity 71776K, committed 71976K, reserved 1112064K
  class space    used 9183K, capacity 9667K, committed 9768K, reserved 1048576K
GC Heap History (10 events):
Event: 16.013 GC heap before
{Heap before GC invocations=10 (full 2):
 PSYoungGen      total 156160K, used 11245K [0x00000000eb700000, 0x00000000f8800000, 0x0000000100000000)
  eden space 144896K, 0% used [0x00000000eb700000,0x00000000eb700000,0x00000000f4480000)
  from space 11264K, 99% used [0x00000000f5300000,0x00000000f5dfb698,0x00000000f5e00000)
  to   space 14848K, 0% used [0x00000000f4480000,0x00000000f4480000,0x00000000f5300000)
 ParOldGen       total 33792K, used 16573K [0x00000000c2400000, 0x00000000c4500000, 0x00000000eb700000)
  object space 33792K, 49% used [0x00000000c2400000,0x00000000c342f718,0x00000000c4500000)
 Metaspace       used 33924K, capacity 35468K, committed 35496K, reserved 1079296K
  class space    used 4446K, capacity 4751K, committed 4776K, reserved 1048576K
Event: 16.371 GC heap after
Heap after GC invocations=10 (full 2):
 PSYoungGen      total 156160K, used 0K [0x00000000eb700000, 0x00000000f8800000, 0x0000000100000000)
  eden space 144896K, 0% used [0x00000000eb700000,0x00000000eb700000,0x00000000f4480000)
  from space 11264K, 0% used [0x00000000f5300000,0x00000000f5300000,0x00000000f5e00000)
  to   space 14848K, 0% used [0x00000000f4480000,0x00000000f4480000,0x00000000f5300000)
 ParOldGen       total 61952K, used 19429K [0x00000000c2400000, 0x00000000c6080000, 0x00000000eb700000)
  object space 61952K, 31% used [0x00000000c2400000,0x00000000c36f96d0,0x00000000c6080000)
 Metaspace       used 33924K, capacity 35468K, committed 35496K, reserved 1079296K
  class space    used 4446K, capacity 4751K, committed 4776K, reserved 1048576K
}
Event: 21.149 GC heap before
{Heap before GC invocations=11 (full 2):
 PSYoungGen      total 156160K, used 144896K [0x00000000eb700000, 0x00000000f8800000, 0x0000000100000000)
  eden space 144896K, 100% used [0x00000000eb700000,0x00000000f4480000,0x00000000f4480000)
  from space 11264K, 0% used [0x00000000f5300000,0x00000000f5300000,0x00000000f5e00000)
  to   space 14848K, 0% used [0x00000000f4480000,0x00000000f4480000,0x00000000f5300000)
 ParOldGen       total 61952K, used 19429K [0x00000000c2400000, 0x00000000c6080000, 0x00000000eb700000)
  object space 61952K, 31% used [0x00000000c2400000,0x00000000c36f96d0,0x00000000c6080000)
 Metaspace       used 46513K, capacity 48224K, committed 48680K, reserved 1091584K
  class space    used 6296K, capacity 6625K, committed 6696K, reserved 1048576K
Event: 21.187 GC heap after
Heap after GC invocations=11 (full 2):
 PSYoungGen      total 159744K, used 13483K [0x00000000eb700000, 0x00000000f8580000, 0x0000000100000000)
  eden space 144896K, 0% used [0x00000000eb700000,0x00000000eb700000,0x00000000f4480000)
  from space 14848K, 90% used [0x00000000f4480000,0x00000000f51aad50,0x00000000f5300000)
  to   space 16384K, 0% used [0x00000000f7580000,0x00000000f7580000,0x00000000f8580000)
 ParOldGen       total 61952K, used 19437K [0x00000000c2400000, 0x00000000c6080000, 0x00000000eb700000)
  object space 61952K, 31% used [0x00000000c2400000,0x00000000c36fb6d0,0x00000000c6080000)
 Metaspace       used 46513K, capacity 48224K, committed 48680K, reserved 1091584K
  class space    used 6296K, capacity 6625K, committed 6696K, reserved 1048576K
}
Event: 26.910 GC heap before
{Heap before GC invocations=12 (full 2):
 PSYoungGen      total 159744K, used 158379K [0x00000000eb700000, 0x00000000f8580000, 0x0000000100000000)
  eden space 144896K, 100% used [0x00000000eb700000,0x00000000f4480000,0x00000000f4480000)
  from space 14848K, 90% used [0x00000000f4480000,0x00000000f51aad50,0x00000000f5300000)
  to   space 16384K, 0% used [0x00000000f7580000,0x00000000f7580000,0x00000000f8580000)
 ParOldGen       total 61952K, used 19437K [0x00000000c2400000, 0x00000000c6080000, 0x00000000eb700000)
  object space 61952K, 31% used [0x00000000c2400000,0x00000000c36fb6d0,0x00000000c6080000)
 Metaspace       used 56134K, capacity 58492K, committed 58792K, reserved 1099776K
  class space    used 7817K, capacity 8241K, committed 8360K, reserved 1048576K
Event: 26.966 GC heap after
Heap after GC invocations=12 (full 2):
 PSYoungGen      total 192512K, used 16215K [0x00000000eb700000, 0x00000000f8800000, 0x0000000100000000)
  eden space 176128K, 0% used [0x00000000eb700000,0x00000000eb700000,0x00000000f6300000)
  from space 16384K, 98% used [0x00000000f7580000,0x00000000f8555e60,0x00000000f8580000)
  to   space 18944K, 0% used [0x00000000f6300000,0x00000000f6300000,0x00000000f7580000)
 ParOldGen       total 61952K, used 19445K [0x00000000c2400000, 0x00000000c6080000, 0x00000000eb700000)
  object space 61952K, 31% used [0x00000000c2400000,0x00000000c36fd6d0,0x00000000c6080000)
 Metaspace       used 56134K, capacity 58492K, committed 58792K, reserved 1099776K
  class space    used 7817K, capacity 8241K, committed 8360K, reserved 1048576K
}
Event: 27.299 GC heap before
{Heap before GC invocations=13 (full 2):
 PSYoungGen      total 192512K, used 26058K [0x00000000eb700000, 0x00000000f8800000, 0x0000000100000000)
  eden space 176128K, 5% used [0x00000000eb700000,0x00000000ec09cab8,0x00000000f6300000)
  from space 16384K, 98% used [0x00000000f7580000,0x00000000f8555e60,0x00000000f8580000)
  to   space 18944K, 0% used [0x00000000f6300000,0x00000000f6300000,0x00000000f7580000)
 ParOldGen       total 61952K, used 19445K [0x00000000c2400000, 0x00000000c6080000, 0x00000000eb700000)
  object space 61952K, 31% used [0x00000000c2400000,0x00000000c36fd6d0,0x00000000c6080000)
 Metaspace       used 56750K, capacity 59120K, committed 59160K, reserved 1099776K
  class space    used 7916K, capacity 8353K, committed 8360K, reserved 1048576K
Event: 27.355 GC heap after
Heap after GC invocations=13 (full 2):
 PSYoungGen      total 195072K, used 8859K [0x00000000eb700000, 0x00000000fc780000, 0x0000000100000000)
  eden space 176128K, 0% used [0x00000000eb700000,0x00000000eb700000,0x00000000f6300000)
  from space 18944K, 46% used [0x00000000f6300000,0x00000000f6ba6ff0,0x00000000f7580000)
  to   space 17920K, 0% used [0x00000000fb600000,0x00000000fb600000,0x00000000fc780000)
 ParOldGen       total 61952K, used 19445K [0x00000000c2400000, 0x00000000c6080000, 0x00000000eb700000)
  object space 61952K, 31% used [0x00000000c2400000,0x00000000c36fd6d0,0x00000000c6080000)
 Metaspace       used 56750K, capacity 59120K, committed 59160K, reserved 1099776K
  class space    used 7916K, capacity 8353K, committed 8360K, reserved 1048576K
}
Event: 27.355 GC heap before
{Heap before GC invocations=14 (full 3):
 PSYoungGen      total 195072K, used 8859K [0x00000000eb700000, 0x00000000fc780000, 0x0000000100000000)
  eden space 176128K, 0% used [0x00000000eb700000,0x00000000eb700000,0x00000000f6300000)
  from space 18944K, 46% used [0x00000000f6300000,0x00000000f6ba6ff0,0x00000000f7580000)
  to   space 17920K, 0% used [0x00000000fb600000,0x00000000fb600000,0x00000000fc780000)
 ParOldGen       total 61952K, used 19445K [0x00000000c2400000, 0x00000000c6080000, 0x00000000eb700000)
  object space 61952K, 31% used [0x00000000c2400000,0x00000000c36fd6d0,0x00000000c6080000)
 Metaspace       used 56750K, capacity 59120K, committed 59160K, reserved 1099776K
  class space    used 7916K, capacity 8353K, committed 8360K, reserved 1048576K
Event: 27.894 GC heap after
Heap after GC invocations=14 (full 3):
 PSYoungGen      total 195072K, used 0K [0x00000000eb700000, 0x00000000fc780000, 0x0000000100000000)
  eden space 176128K, 0% used [0x00000000eb700000,0x00000000eb700000,0x00000000f6300000)
  from space 18944K, 0% used [0x00000000f6300000,0x00000000f6300000,0x00000000f7580000)
  to   space 17920K, 0% used [0x00000000fb600000,0x00000000fb600000,0x00000000fc780000)
 ParOldGen       total 76288K, used 24913K [0x00000000c2400000, 0x00000000c6e80000, 0x00000000eb700000)
  object space 76288K, 32% used [0x00000000c2400000,0x00000000c3c54500,0x00000000c6e80000)
 Metaspace       used 56750K, capacity 59120K, committed 59160K, reserved 1099776K
  class space    used 7916K, capacity 8353K, committed 8360K, reserved 1048576K
}

