# JRE version: Java(TM) SE Runtime Environment (8.0_161-b12) (build 1.8.0_161-b12)
# Java VM: Java HotSpot(TM) 64-Bit Server VM (25.161-b12 mixed mode windows-amd64 compressed oops)
Heap:
 PSYoungGen      total 135680K, used 94300K [0x00000000eb700000, 0x00000000f7a80000, 0x0000000100000000)
  eden space 124928K, 75% used [0x00000000eb700000,0x00000000f1317288,0x00000000f3100000)
  from space 10752K, 0% used [0x00000000f3f80000,0x00000000f3f80000,0x00000000f4a00000)
  to   space 14848K, 0% used [0x00000000f3100000,0x00000000f3100000,0x00000000f3f80000)
 ParOldGen       total 66560K, used 19914K [0x00000000c2400000, 0x00000000c6500000, 0x00000000eb700000)
  object space 66560K, 29% used [0x00000000c2400000,0x00000000c3772ba8,0x00000000c6500000)
 Metaspace       used 42451K, capacity 44124K, committed 44584K, reserved 1087488K
  class space    used 5729K, capacity 6057K, committed 6184K, reserved 1048576K
GC Heap History (10 events):
Event: 7.904 GC heap before
{Heap before GC invocations=6 (full 1):
 PSYoungGen      total 66048K, used 2547K [0x00000000eb700000, 0x00000000f4300000, 0x0000000100000000)
  eden space 63488K, 0% used [0x00000000eb700000,0x00000000eb700000,0x00000000ef500000)
  from space 2560K, 99% used [0x00000000ef500000,0x00000000ef77cff0,0x00000000ef780000)
  to   space 8192K, 0% used [0x00000000f3b00000,0x00000000f3b00000,0x00000000f4300000)
 ParOldGen       total 42496K, used 12627K [0x00000000c2400000, 0x00000000c4d80000, 0x00000000eb700000)
  object space 42496K, 29% used [0x00000000c2400000,0x00000000c3054ce8,0x00000000c4d80000)
 Metaspace       used 20608K, capacity 21154K, committed 21296K, reserved 1067008K
  class space    used 2694K, capacity 2862K, committed 2944K, reserved 1048576K
Event: 8.165 GC heap after
Heap after GC invocations=6 (full 1):
 PSYoungGen      total 66048K, used 0K [0x00000000eb700000, 0x00000000f4300000, 0x0000000100000000)
  eden space 63488K, 0% used [0x00000000eb700000,0x00000000eb700000,0x00000000ef500000)
  from space 2560K, 0% used [0x00000000ef500000,0x00000000ef500000,0x00000000ef780000)
  to   space 8192K, 0% used [0x00000000f3b00000,0x00000000f3b00000,0x00000000f4300000)
 ParOldGen       total 38912K, used 8243K [0x00000000c2400000, 0x00000000c4a00000, 0x00000000eb700000)
  object space 38912K, 21% used [0x00000000c2400000,0x00000000c2c0cfb0,0x00000000c4a00000)
 Metaspace       used 20608K, capacity 21154K, committed 21296K, reserved 1067008K
  class space    used 2694K, capacity 2862K, committed 2944K, reserved 1048576K
}
Event: 10.246 GC heap before
{Heap before GC invocations=7 (full 1):
 PSYoungGen      total 66048K, used 63488K [0x00000000eb700000, 0x00000000f4300000, 0x0000000100000000)
  eden space 63488K, 100% used [0x00000000eb700000,0x00000000ef500000,0x00000000ef500000)
  from space 2560K, 0% used [0x00000000ef500000,0x00000000ef500000,0x00000000ef780000)
  to   space 8192K, 0% used [0x00000000f3b00000,0x00000000f3b00000,0x00000000f4300000)
 ParOldGen       total 38912K, used 8243K [0x00000000c2400000, 0x00000000c4a00000, 0x00000000eb700000)
  object space 38912K, 21% used [0x00000000c2400000,0x00000000c2c0cfb0,0x00000000c4a00000)
 Metaspace       used 23469K, capacity 24172K, committed 24320K, reserved 1071104K
  class space    used 3057K, capacity 3257K, committed 3328K, reserved 1048576K
Event: 10.275 GC heap after
Heap after GC invocations=7 (full 1):
 PSYoungGen      total 95744K, used 3800K [0x00000000eb700000, 0x00000000f3f00000, 0x0000000100000000)
  eden space 91648K, 0% used [0x00000000eb700000,0x00000000eb700000,0x00000000f1080000)
  from space 4096K, 92% used [0x00000000f3b00000,0x00000000f3eb6330,0x00000000f3f00000)
  to   space 8192K, 0% used [0x00000000f2f00000,0x00000000f2f00000,0x00000000f3700000)
 ParOldGen       total 38912K, used 8251K [0x00000000c2400000, 0x00000000c4a00000, 0x00000000eb700000)
  object space 38912K, 21% used [0x00000000c2400000,0x00000000c2c0efb0,0x00000000c4a00000)
 Metaspace       used 23469K, capacity 24172K, committed 24320K, reserved 1071104K
  class space    used 3057K, capacity 3257K, committed 3328K, reserved 1048576K
}
Event: 14.850 GC heap before
{Heap before GC invocations=8 (full 1):
 PSYoungGen      total 95744K, used 95448K [0x00000000eb700000, 0x00000000f3f00000, 0x0000000100000000)
  eden space 91648K, 100% used [0x00000000eb700000,0x00000000f1080000,0x00000000f1080000)
  from space 4096K, 92% used [0x00000000f3b00000,0x00000000f3eb6330,0x00000000f3f00000)
  to   space 8192K, 0% used [0x00000000f2f00000,0x00000000f2f00000,0x00000000f3700000)
 ParOldGen       total 38912K, used 8251K [0x00000000c2400000, 0x00000000c4a00000, 0x00000000eb700000)
  object space 38912K, 21% used [0x00000000c2400000,0x00000000c2c0efb0,0x00000000c4a00000)
 Metaspace       used 29376K, capacity 30756K, committed 30848K, reserved 1075200K
  class space    used 3893K, capacity 4159K, committed 4224K, reserved 1048576K
Event: 14.903 GC heap after
Heap after GC invocations=8 (full 1):
 PSYoungGen      total 131072K, used 8177K [0x00000000eb700000, 0x00000000f4a00000, 0x0000000100000000)
  eden space 122880K, 0% used [0x00000000eb700000,0x00000000eb700000,0x00000000f2f00000)
  from space 8192K, 99% used [0x00000000f2f00000,0x00000000f36fc450,0x00000000f3700000)
  to   space 10752K, 0% used [0x00000000f3f80000,0x00000000f3f80000,0x00000000f4a00000)
 ParOldGen       total 38912K, used 10910K [0x00000000c2400000, 0x00000000c4a00000, 0x00000000eb700000)
  object space 38912K, 28% used [0x00000000c2400000,0x00000000c2ea7a80,0x00000000c4a00000)
 Metaspace       used 29376K, capacity 30756K, committed 30848K, reserved 1075200K
  class space    used 3893K, capacity 4159K, committed 4224K, reserved 1048576K
}
Event: 18.560 GC heap before
{Heap before GC invocations=9 (full 1):
 PSYoungGen      total 131072K, used 103743K [0x00000000eb700000, 0x00000000f4a00000, 0x0000000100000000)
  eden space 122880K, 77% used [0x00000000eb700000,0x00000000f1453b78,0x00000000f2f00000)
  from space 8192K, 99% used [0x00000000f2f00000,0x00000000f36fc450,0x00000000f3700000)
  to   space 10752K, 0% used [0x00000000f3f80000,0x00000000f3f80000,0x00000000f4a00000)
 ParOldGen       total 38912K, used 10910K [0x00000000c2400000, 0x00000000c4a00000, 0x00000000eb700000)
  object space 38912K, 28% used [0x00000000c2400000,0x00000000c2ea7a80,0x00000000c4a00000)
 Metaspace       used 33949K, capacity 35472K, committed 35496K, reserved 1079296K
  class space    used 4446K, capacity 4753K, committed 4776K, reserved 1048576K
Event: 18.622 GC heap after
Heap after GC invocations=9 (full 1):
 PSYoungGen      total 135680K, used 10728K [0x00000000eb700000, 0x00000000f7a80000, 0x0000000100000000)
  eden space 124928K, 0% used [0x00000000eb700000,0x00000000eb700000,0x00000000f3100000)
  from space 10752K, 99% used [0x00000000f3f80000,0x00000000f49fa348,0x00000000f4a00000)
  to   space 14848K, 0% used [0x00000000f3100000,0x00000000f3100000,0x00000000f3f80000)
 ParOldGen       total 38912K, used 15929K [0x00000000c2400000, 0x00000000c4a00000, 0x00000000eb700000)
  object space 38912K, 40% used [0x00000000c2400000,0x00000000c338e768,0x00000000c4a00000)
 Metaspace       used 33949K, capacity 35472K, committed 35496K, reserved 1079296K
  class space    used 4446K, capacity 4753K, committed 4776K, reserved 1048576K
}
Event: 18.622 GC heap before
{Heap before GC invocations=10 (full 2):
 PSYoungGen      total 135680K, used 10728K [0x00000000eb700000, 0x00000000f7a80000, 0x0000000100000000)
  eden space 124928K, 0% used [0x00000000eb700000,0x00000000eb700000,0x00000000f3100000)
  from space 10752K, 99% used [0x00000000f3f80000,0x00000000f49fa348,0x00000000f4a00000)
  to   space 14848K, 0% used [0x00000000f3100000,0x00000000f3100000,0x00000000f3f80000)
 ParOldGen       total 38912K, used 15929K [0x00000000c2400000, 0x00000000c4a00000, 0x00000000eb700000)
  object space 38912K, 40% used [0x00000000c2400000,0x00000000c338e768,0x00000000c4a00000)
 Metaspace       used 33949K, capacity 35472K, committed 35496K, reserved 1079296K
  class space    used 4446K, capacity 4753K, committed 4776K, reserved 1048576K
Event: 18.988 GC heap after
Heap after GC invocations=10 (full 2):
 PSYoungGen      total 135680K, used 0K [0x00000000eb700000, 0x00000000f7a80000, 0x0000000100000000)
  eden space 124928K, 0% used [0x00000000eb700000,0x00000000eb700000,0x00000000f3100000)
  from space 10752K, 0% used [0x00000000f3f80000,0x00000000f3f80000,0x00000000f4a00000)
  to   space 14848K, 0% used [0x00000000f3100000,0x00000000f3100000,0x00000000f3f80000)
 ParOldGen       total 66560K, used 19914K [0x00000000c2400000, 0x00000000c6500000, 0x00000000eb700000)
  object space 66560K, 29% used [0x00000000c2400000,0x00000000c3772ba8,0x00000000c6500000)
 Metaspace       used 33949K, capacity 35472K, committed 35496K, reserved 1079296K
  class space    used 4446K, capacity 4753K, committed 4776K, reserved 1048576K
}

