# JRE version: Java(TM) SE Runtime Environment (8.0_161-b12) (build 1.8.0_161-b12)
# Java VM: Java HotSpot(TM) 64-Bit Server VM (25.161-b12 mixed mode windows-amd64 compressed oops)
Heap:
 PSYoungGen      total 167936K, used 73173K [0x00000000eb700000, 0x00000000f8f80000, 0x0000000100000000)
  eden space 151040K, 48% used [0x00000000eb700000,0x00000000efe75630,0x00000000f4a80000)
  from space 16896K, 0% used [0x00000000f4a80000,0x00000000f4a80000,0x00000000f5b00000)
  to   space 16896K, 0% used [0x00000000f7f00000,0x00000000f7f00000,0x00000000f8f80000)
 ParOldGen       total 88064K, used 26542K [0x00000000c2400000, 0x00000000c7a00000, 0x00000000eb700000)
  object space 88064K, 30% used [0x00000000c2400000,0x00000000c3deba68,0x00000000c7a00000)
 Metaspace       used 62666K, capacity 65422K, committed 65576K, reserved 1105920K
  class space    used 8693K, capacity 9168K, committed 9256K, reserved 1048576K
GC Heap History (10 events):
Event: 18.885 GC heap before
{Heap before GC invocations=10 (full 2):
 PSYoungGen      total 136192K, used 10215K [0x00000000eb700000, 0x00000000f7d00000, 0x0000000100000000)
  eden space 125952K, 0% used [0x00000000eb700000,0x00000000eb700000,0x00000000f3200000)
  from space 10240K, 99% used [0x00000000f4000000,0x00000000f49f9ef0,0x00000000f4a00000)
  to   space 14336K, 0% used [0x00000000f3200000,0x00000000f3200000,0x00000000f4000000)
 ParOldGen       total 35840K, used 15757K [0x00000000c2400000, 0x00000000c4700000, 0x00000000eb700000)
  object space 35840K, 43% used [0x00000000c2400000,0x00000000c33634f0,0x00000000c4700000)
 Metaspace       used 33963K, capacity 35474K, committed 35496K, reserved 1079296K
  class space    used 4454K, capacity 4754K, committed 4776K, reserved 1048576K
Event: 19.227 GC heap after
Heap after GC invocations=10 (full 2):
 PSYoungGen      total 136192K, used 0K [0x00000000eb700000, 0x00000000f7d00000, 0x0000000100000000)
  eden space 125952K, 0% used [0x00000000eb700000,0x00000000eb700000,0x00000000f3200000)
  from space 10240K, 0% used [0x00000000f4000000,0x00000000f4000000,0x00000000f4a00000)
  to   space 14336K, 0% used [0x00000000f3200000,0x00000000f3200000,0x00000000f4000000)
 ParOldGen       total 66048K, used 20201K [0x00000000c2400000, 0x00000000c6480000, 0x00000000eb700000)
  object space 66048K, 30% used [0x00000000c2400000,0x00000000c37ba600,0x00000000c6480000)
 Metaspace       used 33963K, capacity 35474K, committed 35496K, reserved 1079296K
  class space    used 4454K, capacity 4754K, committed 4776K, reserved 1048576K
}
Event: 23.558 GC heap before
{Heap before GC invocations=11 (full 2):
 PSYoungGen      total 136192K, used 125952K [0x00000000eb700000, 0x00000000f7d00000, 0x0000000100000000)
  eden space 125952K, 100% used [0x00000000eb700000,0x00000000f3200000,0x00000000f3200000)
  from space 10240K, 0% used [0x00000000f4000000,0x00000000f4000000,0x00000000f4a00000)
  to   space 14336K, 0% used [0x00000000f3200000,0x00000000f3200000,0x00000000f4000000)
 ParOldGen       total 66048K, used 20201K [0x00000000c2400000, 0x00000000c6480000, 0x00000000eb700000)
  object space 66048K, 30% used [0x00000000c2400000,0x00000000c37ba600,0x00000000c6480000)
 Metaspace       used 45126K, capacity 46816K, committed 47272K, reserved 1089536K
  class space    used 6113K, capacity 6443K, committed 6568K, reserved 1048576K
Event: 23.585 GC heap after
Heap after GC invocations=11 (full 2):
 PSYoungGen      total 140288K, used 12002K [0x00000000eb700000, 0x00000000f6a00000, 0x0000000100000000)
  eden space 125952K, 0% used [0x00000000eb700000,0x00000000eb700000,0x00000000f3200000)
  from space 14336K, 83% used [0x00000000f3200000,0x00000000f3db8918,0x00000000f4000000)
  to   space 15360K, 0% used [0x00000000f5b00000,0x00000000f5b00000,0x00000000f6a00000)
 ParOldGen       total 66048K, used 20209K [0x00000000c2400000, 0x00000000c6480000, 0x00000000eb700000)
  object space 66048K, 30% used [0x00000000c2400000,0x00000000c37bc600,0x00000000c6480000)
 Metaspace       used 45126K, capacity 46816K, committed 47272K, reserved 1089536K
  class space    used 6113K, capacity 6443K, committed 6568K, reserved 1048576K
}
Event: 28.727 GC heap before
{Heap before GC invocations=12 (full 2):
 PSYoungGen      total 140288K, used 137954K [0x00000000eb700000, 0x00000000f6a00000, 0x0000000100000000)
  eden space 125952K, 100% used [0x00000000eb700000,0x00000000f3200000,0x00000000f3200000)
  from space 14336K, 83% used [0x00000000f3200000,0x00000000f3db8918,0x00000000f4000000)
  to   space 15360K, 0% used [0x00000000f5b00000,0x00000000f5b00000,0x00000000f6a00000)
 ParOldGen       total 66048K, used 20209K [0x00000000c2400000, 0x00000000c6480000, 0x00000000eb700000)
  object space 66048K, 30% used [0x00000000c2400000,0x00000000c37bc600,0x00000000c6480000)
 Metaspace       used 54259K, capacity 56574K, committed 56616K, reserved 1097728K
  class space    used 7536K, capacity 7950K, committed 7976K, reserved 1048576K
Event: 28.798 GC heap after
Heap after GC invocations=12 (full 2):
 PSYoungGen      total 166400K, used 13964K [0x00000000eb700000, 0x00000000f6d00000, 0x0000000100000000)
  eden space 151040K, 0% used [0x00000000eb700000,0x00000000eb700000,0x00000000f4a80000)
  from space 15360K, 90% used [0x00000000f5b00000,0x00000000f68a3048,0x00000000f6a00000)
  to   space 16896K, 0% used [0x00000000f4a80000,0x00000000f4a80000,0x00000000f5b00000)
 ParOldGen       total 66048K, used 20217K [0x00000000c2400000, 0x00000000c6480000, 0x00000000eb700000)
  object space 66048K, 30% used [0x00000000c2400000,0x00000000c37be600,0x00000000c6480000)
 Metaspace       used 54259K, capacity 56574K, committed 56616K, reserved 1097728K
  class space    used 7536K, capacity 7950K, committed 7976K, reserved 1048576K
}
Event: 30.264 GC heap before
{Heap before GC invocations=13 (full 2):
 PSYoungGen      total 166400K, used 56120K [0x00000000eb700000, 0x00000000f6d00000, 0x0000000100000000)
  eden space 151040K, 27% used [0x00000000eb700000,0x00000000ee02b248,0x00000000f4a80000)
  from space 15360K, 90% used [0x00000000f5b00000,0x00000000f68a3048,0x00000000f6a00000)
  to   space 16896K, 0% used [0x00000000f4a80000,0x00000000f4a80000,0x00000000f5b00000)
 ParOldGen       total 66048K, used 20217K [0x00000000c2400000, 0x00000000c6480000, 0x00000000eb700000)
  object space 66048K, 30% used [0x00000000c2400000,0x00000000c37be600,0x00000000c6480000)
 Metaspace       used 56723K, capacity 59084K, committed 59160K, reserved 1099776K
  class space    used 7912K, capacity 8325K, committed 8360K, reserved 1048576K
Event: 30.311 GC heap after
Heap after GC invocations=13 (full 2):
 PSYoungGen      total 167936K, used 10548K [0x00000000eb700000, 0x00000000f8f80000, 0x0000000100000000)
  eden space 151040K, 0% used [0x00000000eb700000,0x00000000eb700000,0x00000000f4a80000)
  from space 16896K, 62% used [0x00000000f4a80000,0x00000000f54cd0c0,0x00000000f5b00000)
  to   space 16896K, 0% used [0x00000000f7f00000,0x00000000f7f00000,0x00000000f8f80000)
 ParOldGen       total 66048K, used 20217K [0x00000000c2400000, 0x00000000c6480000, 0x00000000eb700000)
  object space 66048K, 30% used [0x00000000c2400000,0x00000000c37be600,0x00000000c6480000)
 Metaspace       used 56723K, capacity 59084K, committed 59160K, reserved 1099776K
  class space    used 7912K, capacity 8325K, committed 8360K, reserved 1048576K
}
Event: 30.311 GC heap before
{Heap before GC invocations=14 (full 3):
 PSYoungGen      total 167936K, used 10548K [0x00000000eb700000, 0x00000000f8f80000, 0x0000000100000000)
  eden space 151040K, 0% used [0x00000000eb700000,0x00000000eb700000,0x00000000f4a80000)
  from space 16896K, 62% used [0x00000000f4a80000,0x00000000f54cd0c0,0x00000000f5b00000)
  to   space 16896K, 0% used [0x00000000f7f00000,0x00000000f7f00000,0x00000000f8f80000)
 ParOldGen       total 66048K, used 20217K [0x00000000c2400000, 0x00000000c6480000, 0x00000000eb700000)
  object space 66048K, 30% used [0x00000000c2400000,0x00000000c37be600,0x00000000c6480000)
 Metaspace       used 56723K, capacity 59084K, committed 59160K, reserved 1099776K
  class space    used 7912K, capacity 8325K, committed 8360K, reserved 1048576K
Event: 30.959 GC heap after
Heap after GC invocations=14 (full 3):
 PSYoungGen      total 167936K, used 0K [0x00000000eb700000, 0x00000000f8f80000, 0x0000000100000000)
  eden space 151040K, 0% used [0x00000000eb700000,0x00000000eb700000,0x00000000f4a80000)
  from space 16896K, 0% used [0x00000000f4a80000,0x00000000f4a80000,0x00000000f5b00000)
  to   space 16896K, 0% used [0x00000000f7f00000,0x00000000f7f00000,0x00000000f8f80000)
 ParOldGen       total 88064K, used 26542K [0x00000000c2400000, 0x00000000c7a00000, 0x00000000eb700000)
  object space 88064K, 30% used [0x00000000c2400000,0x00000000c3deba68,0x00000000c7a00000)
 Metaspace       used 56723K, capacity 59084K, committed 59160K, reserved 1099776K
  class space    used 7912K, capacity 8325K, committed 8360K, reserved 1048576K
}

