# JRE version: Java(TM) SE Runtime Environment (8.0_161-b12) (build 1.8.0_161-b12)
# Java VM: Java HotSpot(TM) 64-Bit Server VM (25.161-b12 mixed mode windows-amd64 compressed oops)
Heap:
 PSYoungGen      total 142336K, used 13030K [0x00000000eb700000, 0x00000000f7680000, 0x0000000100000000)
  eden space 127488K, 0% used [0x00000000eb700000,0x00000000eb700000,0x00000000f3380000)
  from space 14848K, 87% used [0x00000000f3380000,0x00000000f4039810,0x00000000f4200000)
  to   space 16384K, 0% used [0x00000000f6680000,0x00000000f6680000,0x00000000f7680000)
 ParOldGen       total 63488K, used 18592K [0x00000000c2400000, 0x00000000c6200000, 0x00000000eb700000)
  object space 63488K, 29% used [0x00000000c2400000,0x00000000c3628030,0x00000000c6200000)
 Metaspace       used 56745K, capacity 59114K, committed 59160K, reserved 1099776K
  class space    used 7921K, capacity 8354K, committed 8360K, reserved 1048576K
GC Heap History (10 events):
Event: 15.334 GC heap after
Heap after GC invocations=11 (full 1):
 PSYoungGen      total 113664K, used 11314K [0x00000000eb700000, 0x00000000f3a80000, 0x0000000100000000)
  eden space 101888K, 0% used [0x00000000eb700000,0x00000000eb700000,0x00000000f1a80000)
  from space 11776K, 96% used [0x00000000f2780000,0x00000000f328c9f0,0x00000000f3300000)
  to   space 13312K, 0% used [0x00000000f1a80000,0x00000000f1a80000,0x00000000f2780000)
 ParOldGen       total 36864K, used 13436K [0x00000000c2400000, 0x00000000c4800000, 0x00000000eb700000)
  object space 36864K, 36% used [0x00000000c2400000,0x00000000c311f090,0x00000000c4800000)
 Metaspace       used 33929K, capacity 35474K, committed 35496K, reserved 1079296K
  class space    used 4454K, capacity 4754K, committed 4776K, reserved 1048576K
}
Event: 15.334 GC heap before
{Heap before GC invocations=12 (full 2):
 PSYoungGen      total 113664K, used 11314K [0x00000000eb700000, 0x00000000f3a80000, 0x0000000100000000)
  eden space 101888K, 0% used [0x00000000eb700000,0x00000000eb700000,0x00000000f1a80000)
  from space 11776K, 96% used [0x00000000f2780000,0x00000000f328c9f0,0x00000000f3300000)
  to   space 13312K, 0% used [0x00000000f1a80000,0x00000000f1a80000,0x00000000f2780000)
 ParOldGen       total 36864K, used 13436K [0x00000000c2400000, 0x00000000c4800000, 0x00000000eb700000)
  object space 36864K, 36% used [0x00000000c2400000,0x00000000c311f090,0x00000000c4800000)
 Metaspace       used 33929K, capacity 35474K, committed 35496K, reserved 1079296K
  class space    used 4454K, capacity 4754K, committed 4776K, reserved 1048576K
Event: 15.600 GC heap after
Heap after GC invocations=12 (full 2):
 PSYoungGen      total 113664K, used 0K [0x00000000eb700000, 0x00000000f3a80000, 0x0000000100000000)
  eden space 101888K, 0% used [0x00000000eb700000,0x00000000eb700000,0x00000000f1a80000)
  from space 11776K, 0% used [0x00000000f2780000,0x00000000f2780000,0x00000000f3300000)
  to   space 13312K, 0% used [0x00000000f1a80000,0x00000000f1a80000,0x00000000f2780000)
 ParOldGen       total 63488K, used 18568K [0x00000000c2400000, 0x00000000c6200000, 0x00000000eb700000)
  object space 63488K, 29% used [0x00000000c2400000,0x00000000c3622030,0x00000000c6200000)
 Metaspace       used 33929K, capacity 35474K, committed 35496K, reserved 1079296K
  class space    used 4454K, capacity 4754K, committed 4776K, reserved 1048576K
}
Event: 18.946 GC heap before
{Heap before GC invocations=13 (full 2):
 PSYoungGen      total 113664K, used 101888K [0x00000000eb700000, 0x00000000f3a80000, 0x0000000100000000)
  eden space 101888K, 100% used [0x00000000eb700000,0x00000000f1a80000,0x00000000f1a80000)
  from space 11776K, 0% used [0x00000000f2780000,0x00000000f2780000,0x00000000f3300000)
  to   space 13312K, 0% used [0x00000000f1a80000,0x00000000f1a80000,0x00000000f2780000)
 ParOldGen       total 63488K, used 18568K [0x00000000c2400000, 0x00000000c6200000, 0x00000000eb700000)
  object space 63488K, 29% used [0x00000000c2400000,0x00000000c3622030,0x00000000c6200000)
 Metaspace       used 42994K, capacity 44670K, committed 44840K, reserved 1087488K
  class space    used 5827K, capacity 6154K, committed 6184K, reserved 1048576K
Event: 18.974 GC heap after
Heap after GC invocations=13 (full 2):
 PSYoungGen      total 115200K, used 10091K [0x00000000eb700000, 0x00000000f4f80000, 0x0000000100000000)
  eden space 101888K, 0% used [0x00000000eb700000,0x00000000eb700000,0x00000000f1a80000)
  from space 13312K, 75% used [0x00000000f1a80000,0x00000000f245ac88,0x00000000f2780000)
  to   space 13824K, 0% used [0x00000000f4200000,0x00000000f4200000,0x00000000f4f80000)
 ParOldGen       total 63488K, used 18576K [0x00000000c2400000, 0x00000000c6200000, 0x00000000eb700000)
  object space 63488K, 29% used [0x00000000c2400000,0x00000000c3624030,0x00000000c6200000)
 Metaspace       used 42994K, capacity 44670K, committed 44840K, reserved 1087488K
  class space    used 5827K, capacity 6154K, committed 6184K, reserved 1048576K
}
Event: 21.831 GC heap before
{Heap before GC invocations=14 (full 2):
 PSYoungGen      total 115200K, used 111979K [0x00000000eb700000, 0x00000000f4f80000, 0x0000000100000000)
  eden space 101888K, 100% used [0x00000000eb700000,0x00000000f1a80000,0x00000000f1a80000)
  from space 13312K, 75% used [0x00000000f1a80000,0x00000000f245ac88,0x00000000f2780000)
  to   space 13824K, 0% used [0x00000000f4200000,0x00000000f4200000,0x00000000f4f80000)
 ParOldGen       total 63488K, used 18576K [0x00000000c2400000, 0x00000000c6200000, 0x00000000eb700000)
  object space 63488K, 29% used [0x00000000c2400000,0x00000000c3624030,0x00000000c6200000)
 Metaspace       used 51104K, capacity 52882K, committed 53288K, reserved 1095680K
  class space    used 7066K, capacity 7422K, committed 7464K, reserved 1048576K
Event: 21.892 GC heap after
Heap after GC invocations=14 (full 2):
 PSYoungGen      total 141312K, used 11841K [0x00000000eb700000, 0x00000000f5080000, 0x0000000100000000)
  eden space 127488K, 0% used [0x00000000eb700000,0x00000000eb700000,0x00000000f3380000)
  from space 13824K, 85% used [0x00000000f4200000,0x00000000f4d90680,0x00000000f4f80000)
  to   space 14848K, 0% used [0x00000000f3380000,0x00000000f3380000,0x00000000f4200000)
 ParOldGen       total 63488K, used 18584K [0x00000000c2400000, 0x00000000c6200000, 0x00000000eb700000)
  object space 63488K, 29% used [0x00000000c2400000,0x00000000c3626030,0x00000000c6200000)
 Metaspace       used 51104K, capacity 52882K, committed 53288K, reserved 1095680K
  class space    used 7066K, capacity 7422K, committed 7464K, reserved 1048576K
}
Event: 25.512 GC heap before
{Heap before GC invocations=15 (full 2):
 PSYoungGen      total 141312K, used 104798K [0x00000000eb700000, 0x00000000f5080000, 0x0000000100000000)
  eden space 127488K, 72% used [0x00000000eb700000,0x00000000f11c7408,0x00000000f3380000)
  from space 13824K, 85% used [0x00000000f4200000,0x00000000f4d90680,0x00000000f4f80000)
  to   space 14848K, 0% used [0x00000000f3380000,0x00000000f3380000,0x00000000f4200000)
 ParOldGen       total 63488K, used 18584K [0x00000000c2400000, 0x00000000c6200000, 0x00000000eb700000)
  object space 63488K, 29% used [0x00000000c2400000,0x00000000c3626030,0x00000000c6200000)
 Metaspace       used 56745K, capacity 59114K, committed 59160K, reserved 1099776K
  class space    used 7921K, capacity 8354K, committed 8360K, reserved 1048576K
Event: 25.686 GC heap after
Heap after GC invocations=15 (full 2):
 PSYoungGen      total 142336K, used 13030K [0x00000000eb700000, 0x00000000f7680000, 0x0000000100000000)
  eden space 127488K, 0% used [0x00000000eb700000,0x00000000eb700000,0x00000000f3380000)
  from space 14848K, 87% used [0x00000000f3380000,0x00000000f4039810,0x00000000f4200000)
  to   space 16384K, 0% used [0x00000000f6680000,0x00000000f6680000,0x00000000f7680000)
 ParOldGen       total 63488K, used 18592K [0x00000000c2400000, 0x00000000c6200000, 0x00000000eb700000)
  object space 63488K, 29% used [0x00000000c2400000,0x00000000c3628030,0x00000000c6200000)
 Metaspace       used 56745K, capacity 59114K, committed 59160K, reserved 1099776K
  class space    used 7921K, capacity 8354K, committed 8360K, reserved 1048576K
}
Event: 25.687 GC heap before
{Heap before GC invocations=16 (full 3):
 PSYoungGen      total 142336K, used 13030K [0x00000000eb700000, 0x00000000f7680000, 0x0000000100000000)
  eden space 127488K, 0% used [0x00000000eb700000,0x00000000eb700000,0x00000000f3380000)
  from space 14848K, 87% used [0x00000000f3380000,0x00000000f4039810,0x00000000f4200000)
  to   space 16384K, 0% used [0x00000000f6680000,0x00000000f6680000,0x00000000f7680000)
 ParOldGen       total 63488K, used 18592K [0x00000000c2400000, 0x00000000c6200000, 0x00000000eb700000)
  object space 63488K, 29% used [0x00000000c2400000,0x00000000c3628030,0x00000000c6200000)
 Metaspace       used 56745K, capacity 59114K, committed 59160K, reserved 1099776K
  class space    used 7921K, capacity 8354K, committed 8360K, reserved 1048576K

