# JRE version: Java(TM) SE Runtime Environment (8.0_161-b12) (build 1.8.0_161-b12)
# Java VM: Java HotSpot(TM) 64-Bit Server VM (25.161-b12 mixed mode windows-amd64 compressed oops)
Heap:
 PSYoungGen      total 103936K, used 71494K [0x00000000eb700000, 0x00000000f3f80000, 0x0000000100000000)
  eden space 99840K, 67% used [0x00000000eb700000,0x00000000ef8fce48,0x00000000f1880000)
  from space 4096K, 95% used [0x00000000f3b80000,0x00000000f3f54ae0,0x00000000f3f80000)
  to   space 8704K, 0% used [0x00000000f2e80000,0x00000000f2e80000,0x00000000f3700000)
 ParOldGen       total 38912K, used 8964K [0x00000000c2400000, 0x00000000c4a00000, 0x00000000eb700000)
  object space 38912K, 23% used [0x00000000c2400000,0x00000000c2cc1010,0x00000000c4a00000)
 Metaspace       used 27990K, capacity 29062K, committed 29312K, reserved 1075200K
  class space    used 3689K, capacity 3928K, committed 3968K, reserved 1048576K
GC Heap History (10 events):
Event: 4.683 GC heap before
{Heap before GC invocations=3 (full 0):
 PSYoungGen      total 34304K, used 34276K [0x00000000eb700000, 0x00000000edb00000, 0x0000000100000000)
  eden space 31744K, 100% used [0x00000000eb700000,0x00000000ed600000,0x00000000ed600000)
  from space 2560K, 98% used [0x00000000ed880000,0x00000000edaf9050,0x00000000edb00000)
  to   space 2560K, 0% used [0x00000000ed600000,0x00000000ed600000,0x00000000ed880000)
 ParOldGen       total 42496K, used 1511K [0x00000000c2400000, 0x00000000c4d80000, 0x00000000eb700000)
  object space 42496K, 3% used [0x00000000c2400000,0x00000000c2579e38,0x00000000c4d80000)
 Metaspace       used 13146K, capacity 13604K, committed 13696K, reserved 1060864K
  class space    used 1759K, capacity 1907K, committed 1920K, reserved 1048576K
Event: 4.702 GC heap after
Heap after GC invocations=3 (full 0):
 PSYoungGen      total 34304K, used 2560K [0x00000000eb700000, 0x00000000efa00000, 0x0000000100000000)
  eden space 31744K, 0% used [0x00000000eb700000,0x00000000eb700000,0x00000000ed600000)
  from space 2560K, 100% used [0x00000000ed600000,0x00000000ed880000,0x00000000ed880000)
  to   space 2560K, 0% used [0x00000000ef780000,0x00000000ef780000,0x00000000efa00000)
 ParOldGen       total 42496K, used 4591K [0x00000000c2400000, 0x00000000c4d80000, 0x00000000eb700000)
  object space 42496K, 10% used [0x00000000c2400000,0x00000000c287bda0,0x00000000c4d80000)
 Metaspace       used 13146K, capacity 13604K, committed 13696K, reserved 1060864K
  class space    used 1759K, capacity 1907K, committed 1920K, reserved 1048576K
}
Event: 5.782 GC heap before
{Heap before GC invocations=4 (full 0):
 PSYoungGen      total 34304K, used 34304K [0x00000000eb700000, 0x00000000efa00000, 0x0000000100000000)
  eden space 31744K, 100% used [0x00000000eb700000,0x00000000ed600000,0x00000000ed600000)
  from space 2560K, 100% used [0x00000000ed600000,0x00000000ed880000,0x00000000ed880000)
  to   space 2560K, 0% used [0x00000000ef780000,0x00000000ef780000,0x00000000efa00000)
 ParOldGen       total 42496K, used 4591K [0x00000000c2400000, 0x00000000c4d80000, 0x00000000eb700000)
  object space 42496K, 10% used [0x00000000c2400000,0x00000000c287bda0,0x00000000c4d80000)
 Metaspace       used 16221K, capacity 16766K, committed 17024K, reserved 1064960K
  class space    used 2184K, capacity 2338K, committed 2432K, reserved 1048576K
Event: 5.835 GC heap after
Heap after GC invocations=4 (full 0):
 PSYoungGen      total 66048K, used 2548K [0x00000000eb700000, 0x00000000efa00000, 0x0000000100000000)
  eden space 63488K, 0% used [0x00000000eb700000,0x00000000eb700000,0x00000000ef500000)
  from space 2560K, 99% used [0x00000000ef780000,0x00000000ef9fd060,0x00000000efa00000)
  to   space 2560K, 0% used [0x00000000ef500000,0x00000000ef500000,0x00000000ef780000)
 ParOldGen       total 42496K, used 7728K [0x00000000c2400000, 0x00000000c4d80000, 0x00000000eb700000)
  object space 42496K, 18% used [0x00000000c2400000,0x00000000c2b8c128,0x00000000c4d80000)
 Metaspace       used 16221K, capacity 16766K, committed 17024K, reserved 1064960K
  class space    used 2184K, capacity 2338K, committed 2432K, reserved 1048576K
}
Event: 7.795 GC heap before
{Heap before GC invocations=5 (full 0):
 PSYoungGen      total 66048K, used 39434K [0x00000000eb700000, 0x00000000efa00000, 0x0000000100000000)
  eden space 63488K, 58% used [0x00000000eb700000,0x00000000edb05868,0x00000000ef500000)
  from space 2560K, 99% used [0x00000000ef780000,0x00000000ef9fd060,0x00000000efa00000)
  to   space 2560K, 0% used [0x00000000ef500000,0x00000000ef500000,0x00000000ef780000)
 ParOldGen       total 42496K, used 7728K [0x00000000c2400000, 0x00000000c4d80000, 0x00000000eb700000)
  object space 42496K, 18% used [0x00000000c2400000,0x00000000c2b8c128,0x00000000c4d80000)
 Metaspace       used 20674K, capacity 21208K, committed 21296K, reserved 1067008K
  class space    used 2718K, capacity 2901K, committed 2944K, reserved 1048576K
Event: 7.905 GC heap after
Heap after GC invocations=5 (full 0):
 PSYoungGen      total 66048K, used 2548K [0x00000000eb700000, 0x00000000f4400000, 0x0000000100000000)
  eden space 63488K, 0% used [0x00000000eb700000,0x00000000eb700000,0x00000000ef500000)
  from space 2560K, 99% used [0x00000000ef500000,0x00000000ef77d060,0x00000000ef780000)
  to   space 8704K, 0% used [0x00000000f3b80000,0x00000000f3b80000,0x00000000f4400000)
 ParOldGen       total 42496K, used 12965K [0x00000000c2400000, 0x00000000c4d80000, 0x00000000eb700000)
  object space 42496K, 30% used [0x00000000c2400000,0x00000000c30a9530,0x00000000c4d80000)
 Metaspace       used 20674K, capacity 21208K, committed 21296K, reserved 1067008K
  class space    used 2718K, capacity 2901K, committed 2944K, reserved 1048576K
}
Event: 7.905 GC heap before
{Heap before GC invocations=6 (full 1):
 PSYoungGen      total 66048K, used 2548K [0x00000000eb700000, 0x00000000f4400000, 0x0000000100000000)
  eden space 63488K, 0% used [0x00000000eb700000,0x00000000eb700000,0x00000000ef500000)
  from space 2560K, 99% used [0x00000000ef500000,0x00000000ef77d060,0x00000000ef780000)
  to   space 8704K, 0% used [0x00000000f3b80000,0x00000000f3b80000,0x00000000f4400000)
 ParOldGen       total 42496K, used 12965K [0x00000000c2400000, 0x00000000c4d80000, 0x00000000eb700000)
  object space 42496K, 30% used [0x00000000c2400000,0x00000000c30a9530,0x00000000c4d80000)
 Metaspace       used 20674K, capacity 21208K, committed 21296K, reserved 1067008K
  class space    used 2718K, capacity 2901K, committed 2944K, reserved 1048576K
Event: 8.142 GC heap after
Heap after GC invocations=6 (full 1):
 PSYoungGen      total 66048K, used 0K [0x00000000eb700000, 0x00000000f4400000, 0x0000000100000000)
  eden space 63488K, 0% used [0x00000000eb700000,0x00000000eb700000,0x00000000ef500000)
  from space 2560K, 0% used [0x00000000ef500000,0x00000000ef500000,0x00000000ef780000)
  to   space 8704K, 0% used [0x00000000f3b80000,0x00000000f3b80000,0x00000000f4400000)
 ParOldGen       total 38912K, used 8956K [0x00000000c2400000, 0x00000000c4a00000, 0x00000000eb700000)
  object space 38912K, 23% used [0x00000000c2400000,0x00000000c2cbf010,0x00000000c4a00000)
 Metaspace       used 20674K, capacity 21208K, committed 21296K, reserved 1067008K
  class space    used 2718K, capacity 2901K, committed 2944K, reserved 1048576K
}
Event: 9.781 GC heap before
{Heap before GC invocations=7 (full 1):
 PSYoungGen      total 66048K, used 63488K [0x00000000eb700000, 0x00000000f4400000, 0x0000000100000000)
  eden space 63488K, 100% used [0x00000000eb700000,0x00000000ef500000,0x00000000ef500000)
  from space 2560K, 0% used [0x00000000ef500000,0x00000000ef500000,0x00000000ef780000)
  to   space 8704K, 0% used [0x00000000f3b80000,0x00000000f3b80000,0x00000000f4400000)
 ParOldGen       total 38912K, used 8956K [0x00000000c2400000, 0x00000000c4a00000, 0x00000000eb700000)
  object space 38912K, 23% used [0x00000000c2400000,0x00000000c2cbf010,0x00000000c4a00000)
 Metaspace       used 22754K, capacity 23448K, committed 23680K, reserved 1069056K
  class space    used 2960K, capacity 3139K, committed 3200K, reserved 1048576K
Event: 9.887 GC heap after
Heap after GC invocations=7 (full 1):
 PSYoungGen      total 103936K, used 3922K [0x00000000eb700000, 0x00000000f3f80000, 0x0000000100000000)
  eden space 99840K, 0% used [0x00000000eb700000,0x00000000eb700000,0x00000000f1880000)
  from space 4096K, 95% used [0x00000000f3b80000,0x00000000f3f54ae0,0x00000000f3f80000)
  to   space 8704K, 0% used [0x00000000f2e80000,0x00000000f2e80000,0x00000000f3700000)
 ParOldGen       total 38912K, used 8964K [0x00000000c2400000, 0x00000000c4a00000, 0x00000000eb700000)
  object space 38912K, 23% used [0x00000000c2400000,0x00000000c2cc1010,0x00000000c4a00000)
 Metaspace       used 22754K, capacity 23448K, committed 23680K, reserved 1069056K
  class space    used 2960K, capacity 3139K, committed 3200K, reserved 1048576K
}

